<?xml version="1.0" encoding="UTF-8"?>
<!-- Generated by org.testng.reporters.JUnitReportReporter -->
<testsuite hostname="LAPTOP-EKCAP48F" name="com.jayanthi.testng.TestNgDemoOne" tests="1" failures="0" timestamp="4 Nov 2017 16:50:51 GMT" time="80.520" errors="0">
  <testcase name="main" time="80.520" classname="com.jayanthi.testng.TestNgDemoOne"/>
</testsuite> <!-- com.jayanthi.testng.TestNgDemoOne -->
