<?xml version="1.0" encoding="UTF-8"?>
<!-- Generated by org.testng.reporters.JUnitReportReporter -->
<testsuite hostname="LAPTOP-EKCAP48F" name="com.jayanthi.testng.TestNgAnnotationsDemo" tests="2" failures="0" timestamp="4 Nov 2017 16:44:22 GMT" time="0.031" errors="0">
  <testcase name="testCase1" time="0.015" classname="com.jayanthi.testng.TestNgAnnotationsDemo"/>
  <testcase name="testcase2" time="0.016" classname="com.jayanthi.testng.TestNgAnnotationsDemo"/>
</testsuite> <!-- com.jayanthi.testng.TestNgAnnotationsDemo -->
